


ARM Macro Assembler    Page 1 


    1 00000000         #       1                "mbed-dev/targets/TARGET_STM/TA
RGET_STM32F3/TARGET_STM32F303x8/device/TOOLCHAIN_ARM_STD/startup_stm32f303x8.S"
    1 00000000         #       1                "<built-in>" 1
    1 00000000         #       1                "mbed-dev/targets/TARGET_STM/TA
RGET_STM32F3/TARGET_STM32F303x8/device/TOOLCHAIN_ARM_STD/startup_stm32f303x8.S"
 2
    1 00000000         ;******************** (C) COPYRIGHT 2014 STMicroelectron
                       ics ********************
    2 00000000         ;* File Name : startup_stm32f303x8.s
    3 00000000         ;* Author : MCD Application Team
    4 00000000         ;* Description : STM32F303x6/x8 devices vector table for
                        MDK-ARM toolchain.
    5 00000000         ;* This module performs:
    6 00000000         ;* - Set the initial SP
    7 00000000         ;* - Set the initial PC == Reset_Handler
    8 00000000         ;* - Set the vector table entries with the exceptions IS
                       R address
    9 00000000         ;* - Branches to __main in the C library (which eventual
                       ly
   10 00000000         ;* calls main()).
   11 00000000         ;* After Reset the CortexM4 processor is in Thread mode,
                       
   12 00000000         ;* priority is Privileged, and the Stack is set to Main.
                       
   13 00000000         ;*
   14 00000000         ;*******************************************************
                       ************************
   15 00000000         ;
   16 00000000         ;* Redistribution and use in source and binary forms, wi
                       th or without modification,
   17 00000000         ;* are permitted provided that the following conditions 
                       are met:
   18 00000000         ;* 1. Redistributions of source code must retain the abo
                       ve copyright notice,
   19 00000000         ;* this list of conditions and the following disclaimer.
                       
   20 00000000         ;* 2. Redistributions in binary form must reproduce the 
                       above copyright notice,
   21 00000000         ;* this list of conditions and the following disclaimer 
                       in the documentation
   22 00000000         ;* and/or other materials provided with the distribution
                       .
   23 00000000         ;* 3. Neither the name of STMicroelectronics nor the nam
                       es of its contributors
   24 00000000         ;* may be used to endorse or promote products derived fr
                       om this software
   25 00000000         ;* without specific prior written permission.
   26 00000000         ;*
   27 00000000         ;* THIS SOFTWARE IS PROVIDED BY THE COPYRIGHT HOLDERS AN
                       D CONTRIBUTORS "AS IS"
   28 00000000         ;* AND ANY EXPRESS OR IMPLIED WARRANTIES, INCLUDING, BUT
                        NOT LIMITED TO, THE
   29 00000000         ;* IMPLIED WARRANTIES OF MERCHANTABILITY AND FITNESS FOR
                        A PARTICULAR PURPOSE ARE
   30 00000000         ;* DISCLAIMED. IN NO EVENT SHALL THE COPYRIGHT HOLDER OR
                        CONTRIBUTORS BE LIABLE
   31 00000000         ;* FOR ANY DIRECT, INDIRECT, INCIDENTAL, SPECIAL, EXEMPL
                       ARY, OR CONSEQUENTIAL
   32 00000000         ;* DAMAGES (INCLUDING, BUT NOT LIMITED TO, PROCUREMENT O



ARM Macro Assembler    Page 2 


                       F SUBSTITUTE GOODS OR
   33 00000000         ;* SERVICES; LOSS OF USE, DATA, OR PROFITS; OR BUSINESS 
                       INTERRUPTION) HOWEVER
   34 00000000         ;* CAUSED AND ON ANY THEORY OF LIABILITY, WHETHER IN CON
                       TRACT, STRICT LIABILITY,
   35 00000000         ;* OR TORT (INCLUDING NEGLIGENCE OR OTHERWISE) ARISING I
                       N ANY WAY OUT OF THE USE
   36 00000000         ;* OF THIS SOFTWARE, EVEN IF ADVISED OF THE POSSIBILITY 
                       OF SUCH DAMAGE.
   37 00000000         ;
   38 00000000         ;*******************************************************
                       ************************
   39 00000000         
   40 00000000 20003000 
                       __initial_sp
                               EQU              0x20003000  ; Top of RAM
   41 00000000         
   42 00000000                 PRESERVE8
   43 00000000                 THUMB
   44 00000000         
   45 00000000         
   46 00000000         ; Vector Table Mapped to Address 0 at Reset
   47 00000000                 AREA             RESET, DATA, READONLY
   48 00000000                 EXPORT           __Vectors
   49 00000000                 EXPORT           __Vectors_End
   50 00000000                 EXPORT           __Vectors_Size
   51 00000000         
   52 00000000 20003000 
                       __Vectors
                               DCD              __initial_sp ; Top of Stack
   53 00000004 00000000        DCD              Reset_Handler ; Reset Handler
   54 00000008 00000000        DCD              NMI_Handler ; NMI Handler
   55 0000000C 00000000        DCD              HardFault_Handler ; Hard Fault 
                                                            Handler
   56 00000010 00000000        DCD              MemManage_Handler 
                                                            ; MPU Fault Handler
                                                            
   57 00000014 00000000        DCD              BusFault_Handler 
                                                            ; Bus Fault Handler
                                                            
   58 00000018 00000000        DCD              UsageFault_Handler ; Usage Faul
                                                            t Handler
   59 0000001C 00000000        DCD              0           ; Reserved
   60 00000020 00000000        DCD              0           ; Reserved
   61 00000024 00000000        DCD              0           ; Reserved
   62 00000028 00000000        DCD              0           ; Reserved
   63 0000002C 00000000        DCD              SVC_Handler ; SVCall Handler
   64 00000030 00000000        DCD              DebugMon_Handler ; Debug Monito
                                                            r Handler
   65 00000034 00000000        DCD              0           ; Reserved
   66 00000038 00000000        DCD              PendSV_Handler ; PendSV Handler
                                                            
   67 0000003C 00000000        DCD              SysTick_Handler 
                                                            ; SysTick Handler
   68 00000040         
   69 00000040         ; External Interrupts
   70 00000040 00000000        DCD              WWDG_IRQHandler 
                                                            ; Window WatchDog
   71 00000044 00000000        DCD              PVD_IRQHandler ; PVD through EX



ARM Macro Assembler    Page 3 


                                                            TI Line detection
   72 00000048 00000000        DCD              TAMP_STAMP_IRQHandler ; Tamper 
                                                            and TimeStamps thro
                                                            ugh the EXTI line
   73 0000004C 00000000        DCD              RTC_WKUP_IRQHandler ; RTC Wakeu
                                                            p through the EXTI 
                                                            line
   74 00000050 00000000        DCD              FLASH_IRQHandler ; FLASH
   75 00000054 00000000        DCD              RCC_IRQHandler ; RCC
   76 00000058 00000000        DCD              EXTI0_IRQHandler ; EXTI Line0
   77 0000005C 00000000        DCD              EXTI1_IRQHandler ; EXTI Line1
   78 00000060 00000000        DCD              EXTI2_TSC_IRQHandler ; EXTI Lin
                                                            e2 and Touch Sense 
                                                            controller
   79 00000064 00000000        DCD              EXTI3_IRQHandler ; EXTI Line3
   80 00000068 00000000        DCD              EXTI4_IRQHandler ; EXTI Line4
   81 0000006C 00000000        DCD              DMA1_Channel1_IRQHandler 
                                                            ; DMA1 Channel 1
   82 00000070 00000000        DCD              DMA1_Channel2_IRQHandler 
                                                            ; DMA1 Channel 2
   83 00000074 00000000        DCD              DMA1_Channel3_IRQHandler 
                                                            ; DMA1 Channel 3
   84 00000078 00000000        DCD              DMA1_Channel4_IRQHandler 
                                                            ; DMA1 Channel 4
   85 0000007C 00000000        DCD              DMA1_Channel5_IRQHandler 
                                                            ; DMA1 Channel 5
   86 00000080 00000000        DCD              DMA1_Channel6_IRQHandler 
                                                            ; DMA1 Channel 6
   87 00000084 00000000        DCD              DMA1_Channel7_IRQHandler 
                                                            ; DMA1 Channel 7
   88 00000088 00000000        DCD              ADC1_2_IRQHandler 
                                                            ; ADC1 and ADC2
   89 0000008C 00000000        DCD              CAN_TX_IRQHandler ; CAN TX
   90 00000090 00000000        DCD              CAN_RX0_IRQHandler ; CAN RX0
   91 00000094 00000000        DCD              CAN_RX1_IRQHandler ; CAN RX1
   92 00000098 00000000        DCD              CAN_SCE_IRQHandler ; CAN SCE
   93 0000009C 00000000        DCD              EXTI9_5_IRQHandler ; External L
                                                            ine[9:5]s
   94 000000A0 00000000        DCD              TIM1_BRK_TIM15_IRQHandler ; TIM
                                                            1 Break and TIM15
   95 000000A4 00000000        DCD              TIM1_UP_TIM16_IRQHandler ; TIM1
                                                             Update and TIM16
   96 000000A8 00000000        DCD              TIM1_TRG_COM_TIM17_IRQHandler ;
                                                             TIM1 Trigger and C
                                                            ommutation and TIM1
                                                            7
   97 000000AC 00000000        DCD              TIM1_CC_IRQHandler ; TIM1 Captu
                                                            re Compare
   98 000000B0 00000000        DCD              TIM2_IRQHandler ; TIM2
   99 000000B4 00000000        DCD              TIM3_IRQHandler ; TIM3
  100 000000B8 00000000        DCD              0           ; Reserved
  101 000000BC 00000000        DCD              I2C1_EV_IRQHandler ; I2C1 Event
                                                             and EXTI Line 23
  102 000000C0 00000000        DCD              I2C1_ER_IRQHandler ; I2C1 Error
                                                            
  103 000000C4 00000000        DCD              0           ; Reserved
  104 000000C8 00000000        DCD              0           ; Reserved
  105 000000CC 00000000        DCD              SPI1_IRQHandler ; SPI1
  106 000000D0 00000000        DCD              0           ; Reserved



ARM Macro Assembler    Page 4 


  107 000000D4 00000000        DCD              USART1_IRQHandler ; USART1 and 
                                                            EXTI Line 25
  108 000000D8 00000000        DCD              USART2_IRQHandler ; USART2 and 
                                                            EXTI Line 26
  109 000000DC 00000000        DCD              USART3_IRQHandler ; USART3 and 
                                                            EXTI Line 28
  110 000000E0 00000000        DCD              EXTI15_10_IRQHandler ; External
                                                             Line[15:10]s
  111 000000E4 00000000        DCD              RTC_Alarm_IRQHandler ; RTC Alar
                                                            m (A and B) through
                                                             EXTI Line
  112 000000E8 00000000        DCD              0           ; Reserved
  113 000000EC 00000000        DCD              0           ; Reserved
  114 000000F0 00000000        DCD              0           ; Reserved
  115 000000F4 00000000        DCD              0           ; Reserved
  116 000000F8 00000000        DCD              0           ; Reserved
  117 000000FC 00000000        DCD              0           ; Reserved
  118 00000100 00000000        DCD              0           ; Reserved
  119 00000104 00000000        DCD              0           ; Reserved
  120 00000108 00000000        DCD              0           ; Reserved
  121 0000010C 00000000        DCD              0           ; Reserved
  122 00000110 00000000        DCD              0           ; Reserved
  123 00000114 00000000        DCD              0           ; Reserved
  124 00000118 00000000        DCD              TIM6_DAC1_IRQHandler ; TIM6 and
                                                             DAC1 underrun erro
                                                            rs
  125 0000011C 00000000        DCD              TIM7_DAC2_IRQHandler ; TIM7 and
                                                             DAC2 underrun erro
                                                            rs
  126 00000120 00000000        DCD              0           ; Reserved
  127 00000124 00000000        DCD              0           ; Reserved
  128 00000128 00000000        DCD              0           ; Reserved
  129 0000012C 00000000        DCD              0           ; Reserved
  130 00000130 00000000        DCD              0           ; Reserved
  131 00000134 00000000        DCD              0           ; Reserved
  132 00000138 00000000        DCD              0           ; Reserved
  133 0000013C 00000000        DCD              0           ; Reserved
  134 00000140 00000000        DCD              COMP2_IRQHandler ; COMP2
  135 00000144 00000000        DCD              COMP4_6_IRQHandler 
                                                            ; COMP4 and COMP6
  136 00000148 00000000        DCD              0           ; Reserved
  137 0000014C 00000000        DCD              0           ; Reserved
  138 00000150 00000000        DCD              0           ; Reserved
  139 00000154 00000000        DCD              0           ; Reserved
  140 00000158 00000000        DCD              0           ; Reserved
  141 0000015C 00000000        DCD              0           ; Reserved
  142 00000160 00000000        DCD              0           ; Reserved
  143 00000164 00000000        DCD              0           ; Reserved
  144 00000168 00000000        DCD              0           ; Reserved
  145 0000016C 00000000        DCD              0           ; Reserved
  146 00000170 00000000        DCD              0           ; Reserved
  147 00000174 00000000        DCD              0           ; Reserved
  148 00000178 00000000        DCD              0           ; Reserved
  149 0000017C 00000000        DCD              0           ; Reserved
  150 00000180 00000000        DCD              0           ; Reserved
  151 00000184 00000000        DCD              FPU_IRQHandler ; FPU
  152 00000188         
  153 00000188         __Vectors_End
  154 00000188         



ARM Macro Assembler    Page 5 


  155 00000188 00000188 
                       __Vectors_Size
                               EQU              __Vectors_End - __Vectors
  156 00000188         
  157 00000188                 AREA             |.text|, CODE, READONLY
  158 00000000         
  159 00000000         ; Reset handler
  160 00000000         Reset_Handler
                               PROC
  161 00000000                 EXPORT           Reset_Handler [WEAK]
  162 00000000                 IMPORT           SystemInit
  163 00000000                 IMPORT           __main
  164 00000000         
  165 00000000 4806            LDR              R0, =SystemInit
  166 00000002 4780            BLX              R0
  167 00000004 4806            LDR              R0, =__main
  168 00000006 4700            BX               R0
  169 00000008                 ENDP
  170 00000008         
  171 00000008         ; Dummy Exception Handlers (infinite loops which can be 
                       modified)
  172 00000008         
  173 00000008         NMI_Handler
                               PROC
  174 00000008                 EXPORT           NMI_Handler [WEAK]
  175 00000008 E7FE            B                .
  176 0000000A                 ENDP
  177 0000000A         HardFault_Handler
                               PROC
  178 0000000A         
  179 0000000A                 EXPORT           HardFault_Handler [WEAK]
  180 0000000A E7FE            B                .
  181 0000000C                 ENDP
  182 0000000C         MemManage_Handler
                               PROC
  183 0000000C         
  184 0000000C                 EXPORT           MemManage_Handler [WEAK]
  185 0000000C E7FE            B                .
  186 0000000E                 ENDP
  187 0000000E         BusFault_Handler
                               PROC
  188 0000000E         
  189 0000000E                 EXPORT           BusFault_Handler [WEAK]
  190 0000000E E7FE            B                .
  191 00000010                 ENDP
  192 00000010         UsageFault_Handler
                               PROC
  193 00000010         
  194 00000010                 EXPORT           UsageFault_Handler [WEAK]
  195 00000010 E7FE            B                .
  196 00000012                 ENDP
  197 00000012         SVC_Handler
                               PROC
  198 00000012                 EXPORT           SVC_Handler [WEAK]
  199 00000012 E7FE            B                .
  200 00000014                 ENDP
  201 00000014         DebugMon_Handler
                               PROC
  202 00000014         



ARM Macro Assembler    Page 6 


  203 00000014                 EXPORT           DebugMon_Handler [WEAK]
  204 00000014 E7FE            B                .
  205 00000016                 ENDP
  206 00000016         PendSV_Handler
                               PROC
  207 00000016                 EXPORT           PendSV_Handler [WEAK]
  208 00000016 E7FE            B                .
  209 00000018                 ENDP
  210 00000018         SysTick_Handler
                               PROC
  211 00000018                 EXPORT           SysTick_Handler [WEAK]
  212 00000018 E7FE            B                .
  213 0000001A                 ENDP
  214 0000001A         
  215 0000001A         Default_Handler
                               PROC
  216 0000001A         
  217 0000001A                 EXPORT           WWDG_IRQHandler [WEAK]
  218 0000001A                 EXPORT           PVD_IRQHandler [WEAK]
  219 0000001A                 EXPORT           TAMP_STAMP_IRQHandler [WEAK]
  220 0000001A                 EXPORT           RTC_WKUP_IRQHandler [WEAK]
  221 0000001A                 EXPORT           FLASH_IRQHandler [WEAK]
  222 0000001A                 EXPORT           RCC_IRQHandler [WEAK]
  223 0000001A                 EXPORT           EXTI0_IRQHandler [WEAK]
  224 0000001A                 EXPORT           EXTI1_IRQHandler [WEAK]
  225 0000001A                 EXPORT           EXTI2_TSC_IRQHandler [WEAK]
  226 0000001A                 EXPORT           EXTI3_IRQHandler [WEAK]
  227 0000001A                 EXPORT           EXTI4_IRQHandler [WEAK]
  228 0000001A                 EXPORT           DMA1_Channel1_IRQHandler [WEAK]
  229 0000001A                 EXPORT           DMA1_Channel2_IRQHandler [WEAK]
  230 0000001A                 EXPORT           DMA1_Channel3_IRQHandler [WEAK]
  231 0000001A                 EXPORT           DMA1_Channel4_IRQHandler [WEAK]
  232 0000001A                 EXPORT           DMA1_Channel5_IRQHandler [WEAK]
  233 0000001A                 EXPORT           DMA1_Channel6_IRQHandler [WEAK]
  234 0000001A                 EXPORT           DMA1_Channel7_IRQHandler [WEAK]
  235 0000001A                 EXPORT           ADC1_2_IRQHandler [WEAK]
  236 0000001A                 EXPORT           CAN_TX_IRQHandler [WEAK]
  237 0000001A                 EXPORT           CAN_RX0_IRQHandler [WEAK]
  238 0000001A                 EXPORT           CAN_RX1_IRQHandler [WEAK]
  239 0000001A                 EXPORT           CAN_SCE_IRQHandler [WEAK]
  240 0000001A                 EXPORT           EXTI9_5_IRQHandler [WEAK]
  241 0000001A                 EXPORT           TIM1_BRK_TIM15_IRQHandler [WEAK
]
  242 0000001A                 EXPORT           TIM1_UP_TIM16_IRQHandler [WEAK]
  243 0000001A                 EXPORT           TIM1_TRG_COM_TIM17_IRQHandler [
WEAK]
  244 0000001A                 EXPORT           TIM1_CC_IRQHandler [WEAK]
  245 0000001A                 EXPORT           TIM2_IRQHandler [WEAK]
  246 0000001A                 EXPORT           TIM3_IRQHandler [WEAK]
  247 0000001A                 EXPORT           I2C1_EV_IRQHandler [WEAK]
  248 0000001A                 EXPORT           I2C1_ER_IRQHandler [WEAK]
  249 0000001A                 EXPORT           SPI1_IRQHandler [WEAK]
  250 0000001A                 EXPORT           USART1_IRQHandler [WEAK]
  251 0000001A                 EXPORT           USART2_IRQHandler [WEAK]
  252 0000001A                 EXPORT           USART3_IRQHandler [WEAK]
  253 0000001A                 EXPORT           EXTI15_10_IRQHandler [WEAK]
  254 0000001A                 EXPORT           RTC_Alarm_IRQHandler [WEAK]
  255 0000001A                 EXPORT           TIM6_DAC1_IRQHandler [WEAK]
  256 0000001A                 EXPORT           TIM7_DAC2_IRQHandler [WEAK]



ARM Macro Assembler    Page 7 


  257 0000001A                 EXPORT           COMP2_IRQHandler [WEAK]
  258 0000001A                 EXPORT           COMP4_6_IRQHandler [WEAK]
  259 0000001A                 EXPORT           FPU_IRQHandler [WEAK]
  260 0000001A         
  261 0000001A         WWDG_IRQHandler
  262 0000001A         PVD_IRQHandler
  263 0000001A         TAMP_STAMP_IRQHandler
  264 0000001A         RTC_WKUP_IRQHandler
  265 0000001A         FLASH_IRQHandler
  266 0000001A         RCC_IRQHandler
  267 0000001A         EXTI0_IRQHandler
  268 0000001A         EXTI1_IRQHandler
  269 0000001A         EXTI2_TSC_IRQHandler
  270 0000001A         EXTI3_IRQHandler
  271 0000001A         EXTI4_IRQHandler
  272 0000001A         DMA1_Channel1_IRQHandler
  273 0000001A         DMA1_Channel2_IRQHandler
  274 0000001A         DMA1_Channel3_IRQHandler
  275 0000001A         DMA1_Channel4_IRQHandler
  276 0000001A         DMA1_Channel5_IRQHandler
  277 0000001A         DMA1_Channel6_IRQHandler
  278 0000001A         DMA1_Channel7_IRQHandler
  279 0000001A         ADC1_2_IRQHandler
  280 0000001A         CAN_TX_IRQHandler
  281 0000001A         CAN_RX0_IRQHandler
  282 0000001A         CAN_RX1_IRQHandler
  283 0000001A         CAN_SCE_IRQHandler
  284 0000001A         EXTI9_5_IRQHandler
  285 0000001A         TIM1_BRK_TIM15_IRQHandler
  286 0000001A         TIM1_UP_TIM16_IRQHandler
  287 0000001A         TIM1_TRG_COM_TIM17_IRQHandler
  288 0000001A         TIM1_CC_IRQHandler
  289 0000001A         TIM2_IRQHandler
  290 0000001A         TIM3_IRQHandler
  291 0000001A         I2C1_EV_IRQHandler
  292 0000001A         I2C1_ER_IRQHandler
  293 0000001A         SPI1_IRQHandler
  294 0000001A         USART1_IRQHandler
  295 0000001A         USART2_IRQHandler
  296 0000001A         USART3_IRQHandler
  297 0000001A         EXTI15_10_IRQHandler
  298 0000001A         RTC_Alarm_IRQHandler
  299 0000001A         TIM6_DAC1_IRQHandler
  300 0000001A         TIM7_DAC2_IRQHandler
  301 0000001A         COMP2_IRQHandler
  302 0000001A         COMP4_6_IRQHandler
  303 0000001A         FPU_IRQHandler
  304 0000001A         
  305 0000001A E7FE            B                .
  306 0000001C         
  307 0000001C                 ENDP
  308 0000001C         
  309 0000001C                 ALIGN
  310 0000001C         
  311 0000001C                 END
              00000000 
              00000000 
Command Line: --debug --xref --cpreproc --diag_suppress=9931 --cpu=Cortex-M4.fp
.sp -o.\build\startup_stm32f303x8.o -IC:\Users\Peace\AppData\Local\Arm\Packs\Ke



ARM Macro Assembler    Page 8 


il\STM32F3xx_DFP\2.1.0\Drivers\CMSIS\Device\ST\STM32F3xx\Include -IC:\Keil_v5\A
RM\CMSIS\Include --predefine="__EVAL SETA 1" --predefine="__UVISION_VERSION SET
A 531" --predefine="STM32F303x8 SETA 1" --cpreproc_opts=-D__ASSERT_MSG,-D__CORT
EX_M4,-DARM_MATH_CM4,-D__FPU_PRESENT=1,-D__MBED_CMSIS_RTOS_CM,-D__CMSIS_RTOS,-D
TRANSACTION_QUEUE_SIZE_SPI=2,--target=arm-arm-none-eabi,-mcpu=cortex-m4,-mfpu=f
pv4-sp-d16,-mfloat-abi=hard,-D__UVISION_VERSION=531,-DSTM32F303x8 --list=.\buil
d\startup_stm32f303x8.lst mbed-dev/targets/TARGET_STM/TARGET_STM32F3/TARGET_STM
32F303x8/device/TOOLCHAIN_ARM_STD/startup_stm32f303x8.S



ARM Macro Assembler    Page 1 Alphabetic symbol ordering
Relocatable symbols

RESET 00000000

Symbol: RESET
   Definitions
      At line 47 in file mbed-dev\targets\TARGET_STM\TARGET_STM32F3\TARGET_STM3
2F303x8\device\TOOLCHAIN_ARM_STD\startup_stm32f303x8.S
   Uses
      None
Comment: RESET unused
__Vectors 00000000

Symbol: __Vectors
   Definitions
      At line 52 in file mbed-dev\targets\TARGET_STM\TARGET_STM32F3\TARGET_STM3
2F303x8\device\TOOLCHAIN_ARM_STD\startup_stm32f303x8.S
   Uses
      At line 48 in file mbed-dev\targets\TARGET_STM\TARGET_STM32F3\TARGET_STM3
2F303x8\device\TOOLCHAIN_ARM_STD\startup_stm32f303x8.S
      At line 155 in file mbed-dev\targets\TARGET_STM\TARGET_STM32F3\TARGET_STM
32F303x8\device\TOOLCHAIN_ARM_STD\startup_stm32f303x8.S

__Vectors_End 00000188

Symbol: __Vectors_End
   Definitions
      At line 153 in file mbed-dev\targets\TARGET_STM\TARGET_STM32F3\TARGET_STM
32F303x8\device\TOOLCHAIN_ARM_STD\startup_stm32f303x8.S
   Uses
      At line 49 in file mbed-dev\targets\TARGET_STM\TARGET_STM32F3\TARGET_STM3
2F303x8\device\TOOLCHAIN_ARM_STD\startup_stm32f303x8.S
      At line 155 in file mbed-dev\targets\TARGET_STM\TARGET_STM32F3\TARGET_STM
32F303x8\device\TOOLCHAIN_ARM_STD\startup_stm32f303x8.S

3 symbols



ARM Macro Assembler    Page 1 Alphabetic symbol ordering
Relocatable symbols

.text 00000000

Symbol: .text
   Definitions
      At line 157 in file mbed-dev\targets\TARGET_STM\TARGET_STM32F3\TARGET_STM
32F303x8\device\TOOLCHAIN_ARM_STD\startup_stm32f303x8.S
   Uses
      None
Comment: .text unused
ADC1_2_IRQHandler 0000001A

Symbol: ADC1_2_IRQHandler
   Definitions
      At line 279 in file mbed-dev\targets\TARGET_STM\TARGET_STM32F3\TARGET_STM
32F303x8\device\TOOLCHAIN_ARM_STD\startup_stm32f303x8.S
   Uses
      At line 88 in file mbed-dev\targets\TARGET_STM\TARGET_STM32F3\TARGET_STM3
2F303x8\device\TOOLCHAIN_ARM_STD\startup_stm32f303x8.S
      At line 235 in file mbed-dev\targets\TARGET_STM\TARGET_STM32F3\TARGET_STM
32F303x8\device\TOOLCHAIN_ARM_STD\startup_stm32f303x8.S

BusFault_Handler 0000000E

Symbol: BusFault_Handler
   Definitions
      At line 187 in file mbed-dev\targets\TARGET_STM\TARGET_STM32F3\TARGET_STM
32F303x8\device\TOOLCHAIN_ARM_STD\startup_stm32f303x8.S
   Uses
      At line 57 in file mbed-dev\targets\TARGET_STM\TARGET_STM32F3\TARGET_STM3
2F303x8\device\TOOLCHAIN_ARM_STD\startup_stm32f303x8.S
      At line 189 in file mbed-dev\targets\TARGET_STM\TARGET_STM32F3\TARGET_STM
32F303x8\device\TOOLCHAIN_ARM_STD\startup_stm32f303x8.S

CAN_RX0_IRQHandler 0000001A

Symbol: CAN_RX0_IRQHandler
   Definitions
      At line 281 in file mbed-dev\targets\TARGET_STM\TARGET_STM32F3\TARGET_STM
32F303x8\device\TOOLCHAIN_ARM_STD\startup_stm32f303x8.S
   Uses
      At line 90 in file mbed-dev\targets\TARGET_STM\TARGET_STM32F3\TARGET_STM3
2F303x8\device\TOOLCHAIN_ARM_STD\startup_stm32f303x8.S
      At line 237 in file mbed-dev\targets\TARGET_STM\TARGET_STM32F3\TARGET_STM
32F303x8\device\TOOLCHAIN_ARM_STD\startup_stm32f303x8.S

CAN_RX1_IRQHandler 0000001A

Symbol: CAN_RX1_IRQHandler
   Definitions
      At line 282 in file mbed-dev\targets\TARGET_STM\TARGET_STM32F3\TARGET_STM
32F303x8\device\TOOLCHAIN_ARM_STD\startup_stm32f303x8.S
   Uses
      At line 91 in file mbed-dev\targets\TARGET_STM\TARGET_STM32F3\TARGET_STM3
2F303x8\device\TOOLCHAIN_ARM_STD\startup_stm32f303x8.S
      At line 238 in file mbed-dev\targets\TARGET_STM\TARGET_STM32F3\TARGET_STM
32F303x8\device\TOOLCHAIN_ARM_STD\startup_stm32f303x8.S

CAN_SCE_IRQHandler 0000001A




ARM Macro Assembler    Page 2 Alphabetic symbol ordering
Relocatable symbols

Symbol: CAN_SCE_IRQHandler
   Definitions
      At line 283 in file mbed-dev\targets\TARGET_STM\TARGET_STM32F3\TARGET_STM
32F303x8\device\TOOLCHAIN_ARM_STD\startup_stm32f303x8.S
   Uses
      At line 92 in file mbed-dev\targets\TARGET_STM\TARGET_STM32F3\TARGET_STM3
2F303x8\device\TOOLCHAIN_ARM_STD\startup_stm32f303x8.S
      At line 239 in file mbed-dev\targets\TARGET_STM\TARGET_STM32F3\TARGET_STM
32F303x8\device\TOOLCHAIN_ARM_STD\startup_stm32f303x8.S

CAN_TX_IRQHandler 0000001A

Symbol: CAN_TX_IRQHandler
   Definitions
      At line 280 in file mbed-dev\targets\TARGET_STM\TARGET_STM32F3\TARGET_STM
32F303x8\device\TOOLCHAIN_ARM_STD\startup_stm32f303x8.S
   Uses
      At line 89 in file mbed-dev\targets\TARGET_STM\TARGET_STM32F3\TARGET_STM3
2F303x8\device\TOOLCHAIN_ARM_STD\startup_stm32f303x8.S
      At line 236 in file mbed-dev\targets\TARGET_STM\TARGET_STM32F3\TARGET_STM
32F303x8\device\TOOLCHAIN_ARM_STD\startup_stm32f303x8.S

COMP2_IRQHandler 0000001A

Symbol: COMP2_IRQHandler
   Definitions
      At line 301 in file mbed-dev\targets\TARGET_STM\TARGET_STM32F3\TARGET_STM
32F303x8\device\TOOLCHAIN_ARM_STD\startup_stm32f303x8.S
   Uses
      At line 134 in file mbed-dev\targets\TARGET_STM\TARGET_STM32F3\TARGET_STM
32F303x8\device\TOOLCHAIN_ARM_STD\startup_stm32f303x8.S
      At line 257 in file mbed-dev\targets\TARGET_STM\TARGET_STM32F3\TARGET_STM
32F303x8\device\TOOLCHAIN_ARM_STD\startup_stm32f303x8.S

COMP4_6_IRQHandler 0000001A

Symbol: COMP4_6_IRQHandler
   Definitions
      At line 302 in file mbed-dev\targets\TARGET_STM\TARGET_STM32F3\TARGET_STM
32F303x8\device\TOOLCHAIN_ARM_STD\startup_stm32f303x8.S
   Uses
      At line 135 in file mbed-dev\targets\TARGET_STM\TARGET_STM32F3\TARGET_STM
32F303x8\device\TOOLCHAIN_ARM_STD\startup_stm32f303x8.S
      At line 258 in file mbed-dev\targets\TARGET_STM\TARGET_STM32F3\TARGET_STM
32F303x8\device\TOOLCHAIN_ARM_STD\startup_stm32f303x8.S

DMA1_Channel1_IRQHandler 0000001A

Symbol: DMA1_Channel1_IRQHandler
   Definitions
      At line 272 in file mbed-dev\targets\TARGET_STM\TARGET_STM32F3\TARGET_STM
32F303x8\device\TOOLCHAIN_ARM_STD\startup_stm32f303x8.S
   Uses
      At line 81 in file mbed-dev\targets\TARGET_STM\TARGET_STM32F3\TARGET_STM3
2F303x8\device\TOOLCHAIN_ARM_STD\startup_stm32f303x8.S
      At line 228 in file mbed-dev\targets\TARGET_STM\TARGET_STM32F3\TARGET_STM
32F303x8\device\TOOLCHAIN_ARM_STD\startup_stm32f303x8.S

DMA1_Channel2_IRQHandler 0000001A



ARM Macro Assembler    Page 3 Alphabetic symbol ordering
Relocatable symbols


Symbol: DMA1_Channel2_IRQHandler
   Definitions
      At line 273 in file mbed-dev\targets\TARGET_STM\TARGET_STM32F3\TARGET_STM
32F303x8\device\TOOLCHAIN_ARM_STD\startup_stm32f303x8.S
   Uses
      At line 82 in file mbed-dev\targets\TARGET_STM\TARGET_STM32F3\TARGET_STM3
2F303x8\device\TOOLCHAIN_ARM_STD\startup_stm32f303x8.S
      At line 229 in file mbed-dev\targets\TARGET_STM\TARGET_STM32F3\TARGET_STM
32F303x8\device\TOOLCHAIN_ARM_STD\startup_stm32f303x8.S

DMA1_Channel3_IRQHandler 0000001A

Symbol: DMA1_Channel3_IRQHandler
   Definitions
      At line 274 in file mbed-dev\targets\TARGET_STM\TARGET_STM32F3\TARGET_STM
32F303x8\device\TOOLCHAIN_ARM_STD\startup_stm32f303x8.S
   Uses
      At line 83 in file mbed-dev\targets\TARGET_STM\TARGET_STM32F3\TARGET_STM3
2F303x8\device\TOOLCHAIN_ARM_STD\startup_stm32f303x8.S
      At line 230 in file mbed-dev\targets\TARGET_STM\TARGET_STM32F3\TARGET_STM
32F303x8\device\TOOLCHAIN_ARM_STD\startup_stm32f303x8.S

DMA1_Channel4_IRQHandler 0000001A

Symbol: DMA1_Channel4_IRQHandler
   Definitions
      At line 275 in file mbed-dev\targets\TARGET_STM\TARGET_STM32F3\TARGET_STM
32F303x8\device\TOOLCHAIN_ARM_STD\startup_stm32f303x8.S
   Uses
      At line 84 in file mbed-dev\targets\TARGET_STM\TARGET_STM32F3\TARGET_STM3
2F303x8\device\TOOLCHAIN_ARM_STD\startup_stm32f303x8.S
      At line 231 in file mbed-dev\targets\TARGET_STM\TARGET_STM32F3\TARGET_STM
32F303x8\device\TOOLCHAIN_ARM_STD\startup_stm32f303x8.S

DMA1_Channel5_IRQHandler 0000001A

Symbol: DMA1_Channel5_IRQHandler
   Definitions
      At line 276 in file mbed-dev\targets\TARGET_STM\TARGET_STM32F3\TARGET_STM
32F303x8\device\TOOLCHAIN_ARM_STD\startup_stm32f303x8.S
   Uses
      At line 85 in file mbed-dev\targets\TARGET_STM\TARGET_STM32F3\TARGET_STM3
2F303x8\device\TOOLCHAIN_ARM_STD\startup_stm32f303x8.S
      At line 232 in file mbed-dev\targets\TARGET_STM\TARGET_STM32F3\TARGET_STM
32F303x8\device\TOOLCHAIN_ARM_STD\startup_stm32f303x8.S

DMA1_Channel6_IRQHandler 0000001A

Symbol: DMA1_Channel6_IRQHandler
   Definitions
      At line 277 in file mbed-dev\targets\TARGET_STM\TARGET_STM32F3\TARGET_STM
32F303x8\device\TOOLCHAIN_ARM_STD\startup_stm32f303x8.S
   Uses
      At line 86 in file mbed-dev\targets\TARGET_STM\TARGET_STM32F3\TARGET_STM3
2F303x8\device\TOOLCHAIN_ARM_STD\startup_stm32f303x8.S
      At line 233 in file mbed-dev\targets\TARGET_STM\TARGET_STM32F3\TARGET_STM
32F303x8\device\TOOLCHAIN_ARM_STD\startup_stm32f303x8.S




ARM Macro Assembler    Page 4 Alphabetic symbol ordering
Relocatable symbols

DMA1_Channel7_IRQHandler 0000001A

Symbol: DMA1_Channel7_IRQHandler
   Definitions
      At line 278 in file mbed-dev\targets\TARGET_STM\TARGET_STM32F3\TARGET_STM
32F303x8\device\TOOLCHAIN_ARM_STD\startup_stm32f303x8.S
   Uses
      At line 87 in file mbed-dev\targets\TARGET_STM\TARGET_STM32F3\TARGET_STM3
2F303x8\device\TOOLCHAIN_ARM_STD\startup_stm32f303x8.S
      At line 234 in file mbed-dev\targets\TARGET_STM\TARGET_STM32F3\TARGET_STM
32F303x8\device\TOOLCHAIN_ARM_STD\startup_stm32f303x8.S

DebugMon_Handler 00000014

Symbol: DebugMon_Handler
   Definitions
      At line 201 in file mbed-dev\targets\TARGET_STM\TARGET_STM32F3\TARGET_STM
32F303x8\device\TOOLCHAIN_ARM_STD\startup_stm32f303x8.S
   Uses
      At line 64 in file mbed-dev\targets\TARGET_STM\TARGET_STM32F3\TARGET_STM3
2F303x8\device\TOOLCHAIN_ARM_STD\startup_stm32f303x8.S
      At line 203 in file mbed-dev\targets\TARGET_STM\TARGET_STM32F3\TARGET_STM
32F303x8\device\TOOLCHAIN_ARM_STD\startup_stm32f303x8.S

Default_Handler 0000001A

Symbol: Default_Handler
   Definitions
      At line 215 in file mbed-dev\targets\TARGET_STM\TARGET_STM32F3\TARGET_STM
32F303x8\device\TOOLCHAIN_ARM_STD\startup_stm32f303x8.S
   Uses
      None
Comment: Default_Handler unused
EXTI0_IRQHandler 0000001A

Symbol: EXTI0_IRQHandler
   Definitions
      At line 267 in file mbed-dev\targets\TARGET_STM\TARGET_STM32F3\TARGET_STM
32F303x8\device\TOOLCHAIN_ARM_STD\startup_stm32f303x8.S
   Uses
      At line 76 in file mbed-dev\targets\TARGET_STM\TARGET_STM32F3\TARGET_STM3
2F303x8\device\TOOLCHAIN_ARM_STD\startup_stm32f303x8.S
      At line 223 in file mbed-dev\targets\TARGET_STM\TARGET_STM32F3\TARGET_STM
32F303x8\device\TOOLCHAIN_ARM_STD\startup_stm32f303x8.S

EXTI15_10_IRQHandler 0000001A

Symbol: EXTI15_10_IRQHandler
   Definitions
      At line 297 in file mbed-dev\targets\TARGET_STM\TARGET_STM32F3\TARGET_STM
32F303x8\device\TOOLCHAIN_ARM_STD\startup_stm32f303x8.S
   Uses
      At line 110 in file mbed-dev\targets\TARGET_STM\TARGET_STM32F3\TARGET_STM
32F303x8\device\TOOLCHAIN_ARM_STD\startup_stm32f303x8.S
      At line 253 in file mbed-dev\targets\TARGET_STM\TARGET_STM32F3\TARGET_STM
32F303x8\device\TOOLCHAIN_ARM_STD\startup_stm32f303x8.S

EXTI1_IRQHandler 0000001A




ARM Macro Assembler    Page 5 Alphabetic symbol ordering
Relocatable symbols

Symbol: EXTI1_IRQHandler
   Definitions
      At line 268 in file mbed-dev\targets\TARGET_STM\TARGET_STM32F3\TARGET_STM
32F303x8\device\TOOLCHAIN_ARM_STD\startup_stm32f303x8.S
   Uses
      At line 77 in file mbed-dev\targets\TARGET_STM\TARGET_STM32F3\TARGET_STM3
2F303x8\device\TOOLCHAIN_ARM_STD\startup_stm32f303x8.S
      At line 224 in file mbed-dev\targets\TARGET_STM\TARGET_STM32F3\TARGET_STM
32F303x8\device\TOOLCHAIN_ARM_STD\startup_stm32f303x8.S

EXTI2_TSC_IRQHandler 0000001A

Symbol: EXTI2_TSC_IRQHandler
   Definitions
      At line 269 in file mbed-dev\targets\TARGET_STM\TARGET_STM32F3\TARGET_STM
32F303x8\device\TOOLCHAIN_ARM_STD\startup_stm32f303x8.S
   Uses
      At line 78 in file mbed-dev\targets\TARGET_STM\TARGET_STM32F3\TARGET_STM3
2F303x8\device\TOOLCHAIN_ARM_STD\startup_stm32f303x8.S
      At line 225 in file mbed-dev\targets\TARGET_STM\TARGET_STM32F3\TARGET_STM
32F303x8\device\TOOLCHAIN_ARM_STD\startup_stm32f303x8.S

EXTI3_IRQHandler 0000001A

Symbol: EXTI3_IRQHandler
   Definitions
      At line 270 in file mbed-dev\targets\TARGET_STM\TARGET_STM32F3\TARGET_STM
32F303x8\device\TOOLCHAIN_ARM_STD\startup_stm32f303x8.S
   Uses
      At line 79 in file mbed-dev\targets\TARGET_STM\TARGET_STM32F3\TARGET_STM3
2F303x8\device\TOOLCHAIN_ARM_STD\startup_stm32f303x8.S
      At line 226 in file mbed-dev\targets\TARGET_STM\TARGET_STM32F3\TARGET_STM
32F303x8\device\TOOLCHAIN_ARM_STD\startup_stm32f303x8.S

EXTI4_IRQHandler 0000001A

Symbol: EXTI4_IRQHandler
   Definitions
      At line 271 in file mbed-dev\targets\TARGET_STM\TARGET_STM32F3\TARGET_STM
32F303x8\device\TOOLCHAIN_ARM_STD\startup_stm32f303x8.S
   Uses
      At line 80 in file mbed-dev\targets\TARGET_STM\TARGET_STM32F3\TARGET_STM3
2F303x8\device\TOOLCHAIN_ARM_STD\startup_stm32f303x8.S
      At line 227 in file mbed-dev\targets\TARGET_STM\TARGET_STM32F3\TARGET_STM
32F303x8\device\TOOLCHAIN_ARM_STD\startup_stm32f303x8.S

EXTI9_5_IRQHandler 0000001A

Symbol: EXTI9_5_IRQHandler
   Definitions
      At line 284 in file mbed-dev\targets\TARGET_STM\TARGET_STM32F3\TARGET_STM
32F303x8\device\TOOLCHAIN_ARM_STD\startup_stm32f303x8.S
   Uses
      At line 93 in file mbed-dev\targets\TARGET_STM\TARGET_STM32F3\TARGET_STM3
2F303x8\device\TOOLCHAIN_ARM_STD\startup_stm32f303x8.S
      At line 240 in file mbed-dev\targets\TARGET_STM\TARGET_STM32F3\TARGET_STM
32F303x8\device\TOOLCHAIN_ARM_STD\startup_stm32f303x8.S

FLASH_IRQHandler 0000001A



ARM Macro Assembler    Page 6 Alphabetic symbol ordering
Relocatable symbols


Symbol: FLASH_IRQHandler
   Definitions
      At line 265 in file mbed-dev\targets\TARGET_STM\TARGET_STM32F3\TARGET_STM
32F303x8\device\TOOLCHAIN_ARM_STD\startup_stm32f303x8.S
   Uses
      At line 74 in file mbed-dev\targets\TARGET_STM\TARGET_STM32F3\TARGET_STM3
2F303x8\device\TOOLCHAIN_ARM_STD\startup_stm32f303x8.S
      At line 221 in file mbed-dev\targets\TARGET_STM\TARGET_STM32F3\TARGET_STM
32F303x8\device\TOOLCHAIN_ARM_STD\startup_stm32f303x8.S

FPU_IRQHandler 0000001A

Symbol: FPU_IRQHandler
   Definitions
      At line 303 in file mbed-dev\targets\TARGET_STM\TARGET_STM32F3\TARGET_STM
32F303x8\device\TOOLCHAIN_ARM_STD\startup_stm32f303x8.S
   Uses
      At line 151 in file mbed-dev\targets\TARGET_STM\TARGET_STM32F3\TARGET_STM
32F303x8\device\TOOLCHAIN_ARM_STD\startup_stm32f303x8.S
      At line 259 in file mbed-dev\targets\TARGET_STM\TARGET_STM32F3\TARGET_STM
32F303x8\device\TOOLCHAIN_ARM_STD\startup_stm32f303x8.S

HardFault_Handler 0000000A

Symbol: HardFault_Handler
   Definitions
      At line 177 in file mbed-dev\targets\TARGET_STM\TARGET_STM32F3\TARGET_STM
32F303x8\device\TOOLCHAIN_ARM_STD\startup_stm32f303x8.S
   Uses
      At line 55 in file mbed-dev\targets\TARGET_STM\TARGET_STM32F3\TARGET_STM3
2F303x8\device\TOOLCHAIN_ARM_STD\startup_stm32f303x8.S
      At line 179 in file mbed-dev\targets\TARGET_STM\TARGET_STM32F3\TARGET_STM
32F303x8\device\TOOLCHAIN_ARM_STD\startup_stm32f303x8.S

I2C1_ER_IRQHandler 0000001A

Symbol: I2C1_ER_IRQHandler
   Definitions
      At line 292 in file mbed-dev\targets\TARGET_STM\TARGET_STM32F3\TARGET_STM
32F303x8\device\TOOLCHAIN_ARM_STD\startup_stm32f303x8.S
   Uses
      At line 102 in file mbed-dev\targets\TARGET_STM\TARGET_STM32F3\TARGET_STM
32F303x8\device\TOOLCHAIN_ARM_STD\startup_stm32f303x8.S
      At line 248 in file mbed-dev\targets\TARGET_STM\TARGET_STM32F3\TARGET_STM
32F303x8\device\TOOLCHAIN_ARM_STD\startup_stm32f303x8.S

I2C1_EV_IRQHandler 0000001A

Symbol: I2C1_EV_IRQHandler
   Definitions
      At line 291 in file mbed-dev\targets\TARGET_STM\TARGET_STM32F3\TARGET_STM
32F303x8\device\TOOLCHAIN_ARM_STD\startup_stm32f303x8.S
   Uses
      At line 101 in file mbed-dev\targets\TARGET_STM\TARGET_STM32F3\TARGET_STM
32F303x8\device\TOOLCHAIN_ARM_STD\startup_stm32f303x8.S
      At line 247 in file mbed-dev\targets\TARGET_STM\TARGET_STM32F3\TARGET_STM
32F303x8\device\TOOLCHAIN_ARM_STD\startup_stm32f303x8.S




ARM Macro Assembler    Page 7 Alphabetic symbol ordering
Relocatable symbols

MemManage_Handler 0000000C

Symbol: MemManage_Handler
   Definitions
      At line 182 in file mbed-dev\targets\TARGET_STM\TARGET_STM32F3\TARGET_STM
32F303x8\device\TOOLCHAIN_ARM_STD\startup_stm32f303x8.S
   Uses
      At line 56 in file mbed-dev\targets\TARGET_STM\TARGET_STM32F3\TARGET_STM3
2F303x8\device\TOOLCHAIN_ARM_STD\startup_stm32f303x8.S
      At line 184 in file mbed-dev\targets\TARGET_STM\TARGET_STM32F3\TARGET_STM
32F303x8\device\TOOLCHAIN_ARM_STD\startup_stm32f303x8.S

NMI_Handler 00000008

Symbol: NMI_Handler
   Definitions
      At line 173 in file mbed-dev\targets\TARGET_STM\TARGET_STM32F3\TARGET_STM
32F303x8\device\TOOLCHAIN_ARM_STD\startup_stm32f303x8.S
   Uses
      At line 54 in file mbed-dev\targets\TARGET_STM\TARGET_STM32F3\TARGET_STM3
2F303x8\device\TOOLCHAIN_ARM_STD\startup_stm32f303x8.S
      At line 174 in file mbed-dev\targets\TARGET_STM\TARGET_STM32F3\TARGET_STM
32F303x8\device\TOOLCHAIN_ARM_STD\startup_stm32f303x8.S

PVD_IRQHandler 0000001A

Symbol: PVD_IRQHandler
   Definitions
      At line 262 in file mbed-dev\targets\TARGET_STM\TARGET_STM32F3\TARGET_STM
32F303x8\device\TOOLCHAIN_ARM_STD\startup_stm32f303x8.S
   Uses
      At line 71 in file mbed-dev\targets\TARGET_STM\TARGET_STM32F3\TARGET_STM3
2F303x8\device\TOOLCHAIN_ARM_STD\startup_stm32f303x8.S
      At line 218 in file mbed-dev\targets\TARGET_STM\TARGET_STM32F3\TARGET_STM
32F303x8\device\TOOLCHAIN_ARM_STD\startup_stm32f303x8.S

PendSV_Handler 00000016

Symbol: PendSV_Handler
   Definitions
      At line 206 in file mbed-dev\targets\TARGET_STM\TARGET_STM32F3\TARGET_STM
32F303x8\device\TOOLCHAIN_ARM_STD\startup_stm32f303x8.S
   Uses
      At line 66 in file mbed-dev\targets\TARGET_STM\TARGET_STM32F3\TARGET_STM3
2F303x8\device\TOOLCHAIN_ARM_STD\startup_stm32f303x8.S
      At line 207 in file mbed-dev\targets\TARGET_STM\TARGET_STM32F3\TARGET_STM
32F303x8\device\TOOLCHAIN_ARM_STD\startup_stm32f303x8.S

RCC_IRQHandler 0000001A

Symbol: RCC_IRQHandler
   Definitions
      At line 266 in file mbed-dev\targets\TARGET_STM\TARGET_STM32F3\TARGET_STM
32F303x8\device\TOOLCHAIN_ARM_STD\startup_stm32f303x8.S
   Uses
      At line 75 in file mbed-dev\targets\TARGET_STM\TARGET_STM32F3\TARGET_STM3
2F303x8\device\TOOLCHAIN_ARM_STD\startup_stm32f303x8.S
      At line 222 in file mbed-dev\targets\TARGET_STM\TARGET_STM32F3\TARGET_STM
32F303x8\device\TOOLCHAIN_ARM_STD\startup_stm32f303x8.S



ARM Macro Assembler    Page 8 Alphabetic symbol ordering
Relocatable symbols


RTC_Alarm_IRQHandler 0000001A

Symbol: RTC_Alarm_IRQHandler
   Definitions
      At line 298 in file mbed-dev\targets\TARGET_STM\TARGET_STM32F3\TARGET_STM
32F303x8\device\TOOLCHAIN_ARM_STD\startup_stm32f303x8.S
   Uses
      At line 111 in file mbed-dev\targets\TARGET_STM\TARGET_STM32F3\TARGET_STM
32F303x8\device\TOOLCHAIN_ARM_STD\startup_stm32f303x8.S
      At line 254 in file mbed-dev\targets\TARGET_STM\TARGET_STM32F3\TARGET_STM
32F303x8\device\TOOLCHAIN_ARM_STD\startup_stm32f303x8.S

RTC_WKUP_IRQHandler 0000001A

Symbol: RTC_WKUP_IRQHandler
   Definitions
      At line 264 in file mbed-dev\targets\TARGET_STM\TARGET_STM32F3\TARGET_STM
32F303x8\device\TOOLCHAIN_ARM_STD\startup_stm32f303x8.S
   Uses
      At line 73 in file mbed-dev\targets\TARGET_STM\TARGET_STM32F3\TARGET_STM3
2F303x8\device\TOOLCHAIN_ARM_STD\startup_stm32f303x8.S
      At line 220 in file mbed-dev\targets\TARGET_STM\TARGET_STM32F3\TARGET_STM
32F303x8\device\TOOLCHAIN_ARM_STD\startup_stm32f303x8.S

Reset_Handler 00000000

Symbol: Reset_Handler
   Definitions
      At line 160 in file mbed-dev\targets\TARGET_STM\TARGET_STM32F3\TARGET_STM
32F303x8\device\TOOLCHAIN_ARM_STD\startup_stm32f303x8.S
   Uses
      At line 53 in file mbed-dev\targets\TARGET_STM\TARGET_STM32F3\TARGET_STM3
2F303x8\device\TOOLCHAIN_ARM_STD\startup_stm32f303x8.S
      At line 161 in file mbed-dev\targets\TARGET_STM\TARGET_STM32F3\TARGET_STM
32F303x8\device\TOOLCHAIN_ARM_STD\startup_stm32f303x8.S

SPI1_IRQHandler 0000001A

Symbol: SPI1_IRQHandler
   Definitions
      At line 293 in file mbed-dev\targets\TARGET_STM\TARGET_STM32F3\TARGET_STM
32F303x8\device\TOOLCHAIN_ARM_STD\startup_stm32f303x8.S
   Uses
      At line 105 in file mbed-dev\targets\TARGET_STM\TARGET_STM32F3\TARGET_STM
32F303x8\device\TOOLCHAIN_ARM_STD\startup_stm32f303x8.S
      At line 249 in file mbed-dev\targets\TARGET_STM\TARGET_STM32F3\TARGET_STM
32F303x8\device\TOOLCHAIN_ARM_STD\startup_stm32f303x8.S

SVC_Handler 00000012

Symbol: SVC_Handler
   Definitions
      At line 197 in file mbed-dev\targets\TARGET_STM\TARGET_STM32F3\TARGET_STM
32F303x8\device\TOOLCHAIN_ARM_STD\startup_stm32f303x8.S
   Uses
      At line 63 in file mbed-dev\targets\TARGET_STM\TARGET_STM32F3\TARGET_STM3
2F303x8\device\TOOLCHAIN_ARM_STD\startup_stm32f303x8.S
      At line 198 in file mbed-dev\targets\TARGET_STM\TARGET_STM32F3\TARGET_STM



ARM Macro Assembler    Page 9 Alphabetic symbol ordering
Relocatable symbols

32F303x8\device\TOOLCHAIN_ARM_STD\startup_stm32f303x8.S

SysTick_Handler 00000018

Symbol: SysTick_Handler
   Definitions
      At line 210 in file mbed-dev\targets\TARGET_STM\TARGET_STM32F3\TARGET_STM
32F303x8\device\TOOLCHAIN_ARM_STD\startup_stm32f303x8.S
   Uses
      At line 67 in file mbed-dev\targets\TARGET_STM\TARGET_STM32F3\TARGET_STM3
2F303x8\device\TOOLCHAIN_ARM_STD\startup_stm32f303x8.S
      At line 211 in file mbed-dev\targets\TARGET_STM\TARGET_STM32F3\TARGET_STM
32F303x8\device\TOOLCHAIN_ARM_STD\startup_stm32f303x8.S

TAMP_STAMP_IRQHandler 0000001A

Symbol: TAMP_STAMP_IRQHandler
   Definitions
      At line 263 in file mbed-dev\targets\TARGET_STM\TARGET_STM32F3\TARGET_STM
32F303x8\device\TOOLCHAIN_ARM_STD\startup_stm32f303x8.S
   Uses
      At line 72 in file mbed-dev\targets\TARGET_STM\TARGET_STM32F3\TARGET_STM3
2F303x8\device\TOOLCHAIN_ARM_STD\startup_stm32f303x8.S
      At line 219 in file mbed-dev\targets\TARGET_STM\TARGET_STM32F3\TARGET_STM
32F303x8\device\TOOLCHAIN_ARM_STD\startup_stm32f303x8.S

TIM1_BRK_TIM15_IRQHandler 0000001A

Symbol: TIM1_BRK_TIM15_IRQHandler
   Definitions
      At line 285 in file mbed-dev\targets\TARGET_STM\TARGET_STM32F3\TARGET_STM
32F303x8\device\TOOLCHAIN_ARM_STD\startup_stm32f303x8.S
   Uses
      At line 94 in file mbed-dev\targets\TARGET_STM\TARGET_STM32F3\TARGET_STM3
2F303x8\device\TOOLCHAIN_ARM_STD\startup_stm32f303x8.S
      At line 241 in file mbed-dev\targets\TARGET_STM\TARGET_STM32F3\TARGET_STM
32F303x8\device\TOOLCHAIN_ARM_STD\startup_stm32f303x8.S

TIM1_CC_IRQHandler 0000001A

Symbol: TIM1_CC_IRQHandler
   Definitions
      At line 288 in file mbed-dev\targets\TARGET_STM\TARGET_STM32F3\TARGET_STM
32F303x8\device\TOOLCHAIN_ARM_STD\startup_stm32f303x8.S
   Uses
      At line 97 in file mbed-dev\targets\TARGET_STM\TARGET_STM32F3\TARGET_STM3
2F303x8\device\TOOLCHAIN_ARM_STD\startup_stm32f303x8.S
      At line 244 in file mbed-dev\targets\TARGET_STM\TARGET_STM32F3\TARGET_STM
32F303x8\device\TOOLCHAIN_ARM_STD\startup_stm32f303x8.S

TIM1_TRG_COM_TIM17_IRQHandler 0000001A

Symbol: TIM1_TRG_COM_TIM17_IRQHandler
   Definitions
      At line 287 in file mbed-dev\targets\TARGET_STM\TARGET_STM32F3\TARGET_STM
32F303x8\device\TOOLCHAIN_ARM_STD\startup_stm32f303x8.S
   Uses
      At line 96 in file mbed-dev\targets\TARGET_STM\TARGET_STM32F3\TARGET_STM3
2F303x8\device\TOOLCHAIN_ARM_STD\startup_stm32f303x8.S



ARM Macro Assembler    Page 10 Alphabetic symbol ordering
Relocatable symbols

      At line 243 in file mbed-dev\targets\TARGET_STM\TARGET_STM32F3\TARGET_STM
32F303x8\device\TOOLCHAIN_ARM_STD\startup_stm32f303x8.S

TIM1_UP_TIM16_IRQHandler 0000001A

Symbol: TIM1_UP_TIM16_IRQHandler
   Definitions
      At line 286 in file mbed-dev\targets\TARGET_STM\TARGET_STM32F3\TARGET_STM
32F303x8\device\TOOLCHAIN_ARM_STD\startup_stm32f303x8.S
   Uses
      At line 95 in file mbed-dev\targets\TARGET_STM\TARGET_STM32F3\TARGET_STM3
2F303x8\device\TOOLCHAIN_ARM_STD\startup_stm32f303x8.S
      At line 242 in file mbed-dev\targets\TARGET_STM\TARGET_STM32F3\TARGET_STM
32F303x8\device\TOOLCHAIN_ARM_STD\startup_stm32f303x8.S

TIM2_IRQHandler 0000001A

Symbol: TIM2_IRQHandler
   Definitions
      At line 289 in file mbed-dev\targets\TARGET_STM\TARGET_STM32F3\TARGET_STM
32F303x8\device\TOOLCHAIN_ARM_STD\startup_stm32f303x8.S
   Uses
      At line 98 in file mbed-dev\targets\TARGET_STM\TARGET_STM32F3\TARGET_STM3
2F303x8\device\TOOLCHAIN_ARM_STD\startup_stm32f303x8.S
      At line 245 in file mbed-dev\targets\TARGET_STM\TARGET_STM32F3\TARGET_STM
32F303x8\device\TOOLCHAIN_ARM_STD\startup_stm32f303x8.S

TIM3_IRQHandler 0000001A

Symbol: TIM3_IRQHandler
   Definitions
      At line 290 in file mbed-dev\targets\TARGET_STM\TARGET_STM32F3\TARGET_STM
32F303x8\device\TOOLCHAIN_ARM_STD\startup_stm32f303x8.S
   Uses
      At line 99 in file mbed-dev\targets\TARGET_STM\TARGET_STM32F3\TARGET_STM3
2F303x8\device\TOOLCHAIN_ARM_STD\startup_stm32f303x8.S
      At line 246 in file mbed-dev\targets\TARGET_STM\TARGET_STM32F3\TARGET_STM
32F303x8\device\TOOLCHAIN_ARM_STD\startup_stm32f303x8.S

TIM6_DAC1_IRQHandler 0000001A

Symbol: TIM6_DAC1_IRQHandler
   Definitions
      At line 299 in file mbed-dev\targets\TARGET_STM\TARGET_STM32F3\TARGET_STM
32F303x8\device\TOOLCHAIN_ARM_STD\startup_stm32f303x8.S
   Uses
      At line 124 in file mbed-dev\targets\TARGET_STM\TARGET_STM32F3\TARGET_STM
32F303x8\device\TOOLCHAIN_ARM_STD\startup_stm32f303x8.S
      At line 255 in file mbed-dev\targets\TARGET_STM\TARGET_STM32F3\TARGET_STM
32F303x8\device\TOOLCHAIN_ARM_STD\startup_stm32f303x8.S

TIM7_DAC2_IRQHandler 0000001A

Symbol: TIM7_DAC2_IRQHandler
   Definitions
      At line 300 in file mbed-dev\targets\TARGET_STM\TARGET_STM32F3\TARGET_STM
32F303x8\device\TOOLCHAIN_ARM_STD\startup_stm32f303x8.S
   Uses
      At line 125 in file mbed-dev\targets\TARGET_STM\TARGET_STM32F3\TARGET_STM



ARM Macro Assembler    Page 11 Alphabetic symbol ordering
Relocatable symbols

32F303x8\device\TOOLCHAIN_ARM_STD\startup_stm32f303x8.S
      At line 256 in file mbed-dev\targets\TARGET_STM\TARGET_STM32F3\TARGET_STM
32F303x8\device\TOOLCHAIN_ARM_STD\startup_stm32f303x8.S

USART1_IRQHandler 0000001A

Symbol: USART1_IRQHandler
   Definitions
      At line 294 in file mbed-dev\targets\TARGET_STM\TARGET_STM32F3\TARGET_STM
32F303x8\device\TOOLCHAIN_ARM_STD\startup_stm32f303x8.S
   Uses
      At line 107 in file mbed-dev\targets\TARGET_STM\TARGET_STM32F3\TARGET_STM
32F303x8\device\TOOLCHAIN_ARM_STD\startup_stm32f303x8.S
      At line 250 in file mbed-dev\targets\TARGET_STM\TARGET_STM32F3\TARGET_STM
32F303x8\device\TOOLCHAIN_ARM_STD\startup_stm32f303x8.S

USART2_IRQHandler 0000001A

Symbol: USART2_IRQHandler
   Definitions
      At line 295 in file mbed-dev\targets\TARGET_STM\TARGET_STM32F3\TARGET_STM
32F303x8\device\TOOLCHAIN_ARM_STD\startup_stm32f303x8.S
   Uses
      At line 108 in file mbed-dev\targets\TARGET_STM\TARGET_STM32F3\TARGET_STM
32F303x8\device\TOOLCHAIN_ARM_STD\startup_stm32f303x8.S
      At line 251 in file mbed-dev\targets\TARGET_STM\TARGET_STM32F3\TARGET_STM
32F303x8\device\TOOLCHAIN_ARM_STD\startup_stm32f303x8.S

USART3_IRQHandler 0000001A

Symbol: USART3_IRQHandler
   Definitions
      At line 296 in file mbed-dev\targets\TARGET_STM\TARGET_STM32F3\TARGET_STM
32F303x8\device\TOOLCHAIN_ARM_STD\startup_stm32f303x8.S
   Uses
      At line 109 in file mbed-dev\targets\TARGET_STM\TARGET_STM32F3\TARGET_STM
32F303x8\device\TOOLCHAIN_ARM_STD\startup_stm32f303x8.S
      At line 252 in file mbed-dev\targets\TARGET_STM\TARGET_STM32F3\TARGET_STM
32F303x8\device\TOOLCHAIN_ARM_STD\startup_stm32f303x8.S

UsageFault_Handler 00000010

Symbol: UsageFault_Handler
   Definitions
      At line 192 in file mbed-dev\targets\TARGET_STM\TARGET_STM32F3\TARGET_STM
32F303x8\device\TOOLCHAIN_ARM_STD\startup_stm32f303x8.S
   Uses
      At line 58 in file mbed-dev\targets\TARGET_STM\TARGET_STM32F3\TARGET_STM3
2F303x8\device\TOOLCHAIN_ARM_STD\startup_stm32f303x8.S
      At line 194 in file mbed-dev\targets\TARGET_STM\TARGET_STM32F3\TARGET_STM
32F303x8\device\TOOLCHAIN_ARM_STD\startup_stm32f303x8.S

WWDG_IRQHandler 0000001A

Symbol: WWDG_IRQHandler
   Definitions
      At line 261 in file mbed-dev\targets\TARGET_STM\TARGET_STM32F3\TARGET_STM
32F303x8\device\TOOLCHAIN_ARM_STD\startup_stm32f303x8.S
   Uses



ARM Macro Assembler    Page 12 Alphabetic symbol ordering
Relocatable symbols

      At line 70 in file mbed-dev\targets\TARGET_STM\TARGET_STM32F3\TARGET_STM3
2F303x8\device\TOOLCHAIN_ARM_STD\startup_stm32f303x8.S
      At line 217 in file mbed-dev\targets\TARGET_STM\TARGET_STM32F3\TARGET_STM
32F303x8\device\TOOLCHAIN_ARM_STD\startup_stm32f303x8.S

55 symbols



ARM Macro Assembler    Page 1 Alphabetic symbol ordering
Absolute symbols

__Vectors_Size 00000188

Symbol: __Vectors_Size
   Definitions
      At line 155 in file mbed-dev\targets\TARGET_STM\TARGET_STM32F3\TARGET_STM
32F303x8\device\TOOLCHAIN_ARM_STD\startup_stm32f303x8.S
   Uses
      At line 50 in file mbed-dev\targets\TARGET_STM\TARGET_STM32F3\TARGET_STM3
2F303x8\device\TOOLCHAIN_ARM_STD\startup_stm32f303x8.S
Comment: __Vectors_Size used once
__initial_sp 20003000

Symbol: __initial_sp
   Definitions
      At line 40 in file mbed-dev\targets\TARGET_STM\TARGET_STM32F3\TARGET_STM3
2F303x8\device\TOOLCHAIN_ARM_STD\startup_stm32f303x8.S
   Uses
      At line 52 in file mbed-dev\targets\TARGET_STM\TARGET_STM32F3\TARGET_STM3
2F303x8\device\TOOLCHAIN_ARM_STD\startup_stm32f303x8.S
Comment: __initial_sp used once
2 symbols



ARM Macro Assembler    Page 1 Alphabetic symbol ordering
External symbols

SystemInit 00000000

Symbol: SystemInit
   Definitions
      At line 162 in file mbed-dev\targets\TARGET_STM\TARGET_STM32F3\TARGET_STM
32F303x8\device\TOOLCHAIN_ARM_STD\startup_stm32f303x8.S
   Uses
      At line 165 in file mbed-dev\targets\TARGET_STM\TARGET_STM32F3\TARGET_STM
32F303x8\device\TOOLCHAIN_ARM_STD\startup_stm32f303x8.S
Comment: SystemInit used once
__main 00000000

Symbol: __main
   Definitions
      At line 163 in file mbed-dev\targets\TARGET_STM\TARGET_STM32F3\TARGET_STM
32F303x8\device\TOOLCHAIN_ARM_STD\startup_stm32f303x8.S
   Uses
      At line 167 in file mbed-dev\targets\TARGET_STM\TARGET_STM32F3\TARGET_STM
32F303x8\device\TOOLCHAIN_ARM_STD\startup_stm32f303x8.S
Comment: __main used once
2 symbols
398 symbols in table
